build/app/intermediates/manifest_merge_blame_file/debug/manifest-merger-blame-debug-report.txt
1<?xml version="1.0" encoding="utf-8"?>
2<manifest xmlns:android="http://schemas.android.com/apk/res/android"
3    package="com.example.zippo_ventas"
4    android:versionCode="1"
5    android:versionName="1.0.0" >
6
7    <uses-sdk
8        android:minSdkVersion="18"
9        android:targetSdkVersion="30" />
10    <!--
11         Flutter needs it to communicate with the running application
12         to allow setting breakpoints, to provide hot reload, etc.
13    -->
14    <uses-permission android:name="android.permission.INTERNET" />
14-->src\main\AndroidManifest.xml:3:5-67
14-->src\main\AndroidManifest.xml:3:22-64
15    <uses-permission android:name="android.permission.READ_EXTERNAL_STORAGE" />
15-->[:file_picker] AndroidManifest.xml:7:5-80
15-->[:file_picker] AndroidManifest.xml:7:22-77
16
17    <queries>
17-->[:file_picker] AndroidManifest.xml:9:5-15:15
18        <intent>
18-->[:file_picker] AndroidManifest.xml:10:9-14:18
19            <action android:name="android.intent.action.GET_CONTENT" />
19-->[:file_picker] AndroidManifest.xml:11:13-72
19-->[:file_picker] AndroidManifest.xml:11:21-69
20
21            <data android:mimeType="*/*" />
21-->[:file_picker] AndroidManifest.xml:13:13-44
21-->[:file_picker] AndroidManifest.xml:13:19-41
22        </intent>
23    </queries>
24
25    <uses-permission android:name="android.permission.WRITE_EXTERNAL_STORAGE" />
25-->[:image_picker] AndroidManifest.xml:8:5-81
25-->[:image_picker] AndroidManifest.xml:8:22-78
26    <uses-permission android:name="android.permission.ACCESS_MEDIA_LOCATION" />
26-->[:photo_manager] AndroidManifest.xml:9:5-80
26-->[:photo_manager] AndroidManifest.xml:9:22-77
27    <uses-permission android:name="android.permission.ACCESS_NETWORK_STATE" />
27-->[com.google.firebase:firebase-messaging:21.1.0] AndroidManifest.xml:22:5-79
27-->[com.google.firebase:firebase-messaging:21.1.0] AndroidManifest.xml:22:22-76
28    <uses-permission android:name="android.permission.WAKE_LOCK" /> <!-- Required by older versions of Google Play services to create IID tokens -->
28-->[com.google.firebase:firebase-messaging:21.1.0] AndroidManifest.xml:23:5-68
28-->[com.google.firebase:firebase-messaging:21.1.0] AndroidManifest.xml:23:22-65
29    <uses-permission android:name="com.google.android.c2dm.permission.RECEIVE" />
29-->[com.google.firebase:firebase-messaging:21.1.0] AndroidManifest.xml:25:5-82
29-->[com.google.firebase:firebase-messaging:21.1.0] AndroidManifest.xml:25:22-79
30    <uses-permission android:name="com.google.android.finsky.permission.BIND_GET_INSTALL_REFERRER_SERVICE" />
30-->[com.google.android.gms:play-services-measurement:18.0.3] AndroidManifest.xml:26:5-110
30-->[com.google.android.gms:play-services-measurement:18.0.3] AndroidManifest.xml:26:22-107
31
32    <application
32-->src\main\AndroidManifest.xml:4:4-47:19
33        android:name="com.example.zippo_ventas.Application"
33-->src\main\AndroidManifest.xml:5:9-36
34        android:appComponentFactory="androidx.core.app.CoreComponentFactory"
34-->[androidx.core:core:1.5.0-beta01] AndroidManifest.xml:24:18-86
35        android:debuggable="true"
36        android:icon="@mipmap/ic_launcher"
36-->src\main\AndroidManifest.xml:7:9-43
37        android:label="zippo_ventas"
37-->src\main\AndroidManifest.xml:6:9-37
38        android:usesCleartextTraffic="true" >
38-->src\debug\AndroidManifest.xml:8:18-53
39        <activity
39-->src\main\AndroidManifest.xml:8:9-41:20
40            android:name="com.example.zippo_ventas.MainActivity"
40-->src\main\AndroidManifest.xml:9:13-41
41            android:configChanges="orientation|keyboardHidden|keyboard|screenSize|smallestScreenSize|locale|layoutDirection|fontScale|screenLayout|density|uiMode"
41-->src\main\AndroidManifest.xml:12:13-163
42            android:hardwareAccelerated="true"
42-->src\main\AndroidManifest.xml:13:13-47
43            android:launchMode="singleTop"
43-->src\main\AndroidManifest.xml:10:13-43
44            android:theme="@style/LaunchTheme"
44-->src\main\AndroidManifest.xml:11:13-47
45            android:usesCleartextTraffic="true"
45-->src\main\AndroidManifest.xml:14:13-48
46            android:windowSoftInputMode="adjustResize" >
46-->src\main\AndroidManifest.xml:15:13-55
47
48            <!--
49                 Specifies an Android theme to apply to this Activity as soon as
50                 the Android process has started. This theme is visible to the user
51                 while the Flutter UI initializes. After that, this theme continues
52                 to determine the Window background behind the Flutter UI.
53            -->
54            <meta-data
54-->src\main\AndroidManifest.xml:20:13-23:17
55                android:name="io.flutter.embedding.android.NormalTheme"
55-->src\main\AndroidManifest.xml:21:15-70
56                android:resource="@style/NormalTheme" />
56-->src\main\AndroidManifest.xml:22:15-52
57            <!--
58                 Displays an Android View that continues showing the launch screen
59                 Drawable until Flutter paints its first frame, then this splash
60                 screen fades out. A splash screen is useful to avoid any visual
61                 gap between the end of Android's launch screen and the painting of
62                 Flutter's first frame.
63            -->
64            <meta-data
64-->src\main\AndroidManifest.xml:29:13-32:17
65                android:name="io.flutter.embedding.android.SplashScreenDrawable"
65-->src\main\AndroidManifest.xml:30:15-79
66                android:resource="@drawable/launch_background" />
66-->src\main\AndroidManifest.xml:31:15-61
67
68            <intent-filter>
68-->src\main\AndroidManifest.xml:33:13-36:29
69                <action android:name="android.intent.action.MAIN" />
69-->src\main\AndroidManifest.xml:34:17-68
69-->src\main\AndroidManifest.xml:34:25-66
70
71                <category android:name="android.intent.category.LAUNCHER" />
71-->src\main\AndroidManifest.xml:35:17-76
71-->src\main\AndroidManifest.xml:35:27-74
72            </intent-filter>
73            <intent-filter>
73-->src\main\AndroidManifest.xml:37:13-40:29
74                <action android:name="FLUTTER_NOTIFICATION_CLICK" />
74-->src\main\AndroidManifest.xml:38:17-69
74-->src\main\AndroidManifest.xml:38:25-66
75
76                <category android:name="android.intent.category.DEFAULT" />
76-->src\main\AndroidManifest.xml:39:17-76
76-->src\main\AndroidManifest.xml:39:27-73
77            </intent-filter>
78        </activity>
79        <!--
80 Don't delete the meta-data below.
81             This is used by the Flutter tool to generate GeneratedPluginRegistrant.java
82        -->
83        <meta-data
83-->src\main\AndroidManifest.xml:44:9-46:33
84            android:name="flutterEmbedding"
84-->src\main\AndroidManifest.xml:45:13-44
85            android:value="2" />
85-->src\main\AndroidManifest.xml:46:13-30
86
87        <provider
87-->[:image_picker] AndroidManifest.xml:11:9-19:20
88            android:name="io.flutter.plugins.imagepicker.ImagePickerFileProvider"
88-->[:image_picker] AndroidManifest.xml:12:13-82
89            android:authorities="com.example.zippo_ventas.flutter.image_provider"
89-->[:image_picker] AndroidManifest.xml:13:13-74
90            android:exported="false"
90-->[:image_picker] AndroidManifest.xml:14:13-37
91            android:grantUriPermissions="true" >
91-->[:image_picker] AndroidManifest.xml:15:13-47
92            <meta-data
92-->[:image_picker] AndroidManifest.xml:16:13-18:75
93                android:name="android.support.FILE_PROVIDER_PATHS"
93-->[:image_picker] AndroidManifest.xml:17:17-67
94                android:resource="@xml/flutter_image_picker_file_paths" />
94-->[:image_picker] AndroidManifest.xml:18:17-72
95        </provider>
96        <provider
96-->[:share_plus] AndroidManifest.xml:8:9-16:20
97            android:name="dev.fluttercommunity.plus.share.ShareFileProvider"
97-->[:share_plus] AndroidManifest.xml:9:13-77
98            android:authorities="com.example.zippo_ventas.flutter.share_provider"
98-->[:share_plus] AndroidManifest.xml:10:13-74
99            android:exported="false"
99-->[:share_plus] AndroidManifest.xml:11:13-37
100            android:grantUriPermissions="true" >
100-->[:share_plus] AndroidManifest.xml:12:13-47
101            <meta-data
101-->[:image_picker] AndroidManifest.xml:16:13-18:75
102                android:name="android.support.FILE_PROVIDER_PATHS"
102-->[:image_picker] AndroidManifest.xml:17:17-67
103                android:resource="@xml/flutter_share_file_paths" />
103-->[:image_picker] AndroidManifest.xml:18:17-72
104        </provider>
105
106        <service android:name="io.flutter.plugins.firebasemessaging.FlutterFirebaseMessagingService" >
106-->[:firebase_messaging] AndroidManifest.xml:8:9-12:19
106-->[:firebase_messaging] AndroidManifest.xml:8:18-101
107            <intent-filter>
107-->[:firebase_messaging] AndroidManifest.xml:9:13-11:29
108                <action android:name="com.google.firebase.MESSAGING_EVENT" />
108-->[:firebase_messaging] AndroidManifest.xml:10:17-78
108-->[:firebase_messaging] AndroidManifest.xml:10:25-75
109            </intent-filter>
110        </service>
111        <service
111-->[:firebase_messaging] AndroidManifest.xml:13:9-17:19
112            android:name="com.google.firebase.components.ComponentDiscoveryService"
112-->[:firebase_messaging] AndroidManifest.xml:13:18-89
113            android:directBootAware="true"
113-->[com.google.firebase:firebase-common:19.5.0] AndroidManifest.xml:35:13-43
114            android:exported="false" >
114-->[com.google.firebase:firebase-analytics-ktx:18.0.3] AndroidManifest.xml:10:13-37
115            <meta-data
115-->[:firebase_messaging] AndroidManifest.xml:14:13-16:85
116                android:name="com.google.firebase.components:io.flutter.plugins.firebasemessaging.FlutterFirebaseAppRegistrar"
116-->[:firebase_messaging] AndroidManifest.xml:15:17-127
117                android:value="com.google.firebase.components.ComponentRegistrar" />
117-->[:firebase_messaging] AndroidManifest.xml:16:17-82
118            <meta-data
118-->[:firebase_core] AndroidManifest.xml:9:13-11:85
119                android:name="com.google.firebase.components:io.flutter.plugins.firebase.core.FlutterFirebaseCoreRegistrar"
119-->[:firebase_core] AndroidManifest.xml:10:17-124
120                android:value="com.google.firebase.components.ComponentRegistrar" />
120-->[:firebase_core] AndroidManifest.xml:11:17-82
121            <meta-data
121-->[com.google.firebase:firebase-analytics-ktx:18.0.3] AndroidManifest.xml:11:13-13:85
122                android:name="com.google.firebase.components:com.google.firebase.analytics.ktx.FirebaseAnalyticsKtxRegistrar"
122-->[com.google.firebase:firebase-analytics-ktx:18.0.3] AndroidManifest.xml:12:17-126
123                android:value="com.google.firebase.components.ComponentRegistrar" />
123-->[com.google.firebase:firebase-analytics-ktx:18.0.3] AndroidManifest.xml:13:17-82
124            <meta-data
124-->[com.google.firebase:firebase-common-ktx:19.5.0] AndroidManifest.xml:15:13-17:85
125                android:name="com.google.firebase.components:com.google.firebase.ktx.FirebaseCommonKtxRegistrar"
125-->[com.google.firebase:firebase-common-ktx:19.5.0] AndroidManifest.xml:16:17-113
126                android:value="com.google.firebase.components.ComponentRegistrar" />
126-->[com.google.firebase:firebase-common-ktx:19.5.0] AndroidManifest.xml:17:17-82
127            <meta-data
127-->[com.google.firebase:firebase-messaging:21.1.0] AndroidManifest.xml:52:13-54:85
128                android:name="com.google.firebase.components:com.google.firebase.messaging.FirebaseMessagingRegistrar"
128-->[com.google.firebase:firebase-messaging:21.1.0] AndroidManifest.xml:53:17-119
129                android:value="com.google.firebase.components.ComponentRegistrar" />
129-->[com.google.firebase:firebase-messaging:21.1.0] AndroidManifest.xml:54:17-82
130            <meta-data
130-->[com.google.firebase:firebase-datatransport:17.0.10] AndroidManifest.xml:28:13-30:85
131                android:name="com.google.firebase.components:com.google.firebase.datatransport.TransportRegistrar"
131-->[com.google.firebase:firebase-datatransport:17.0.10] AndroidManifest.xml:29:17-115
132                android:value="com.google.firebase.components.ComponentRegistrar" />
132-->[com.google.firebase:firebase-datatransport:17.0.10] AndroidManifest.xml:30:17-82
133            <meta-data
133-->[com.google.firebase:firebase-iid:21.1.0] AndroidManifest.xml:32:13-34:85
134                android:name="com.google.firebase.components:com.google.firebase.iid.Registrar"
134-->[com.google.firebase:firebase-iid:21.1.0] AndroidManifest.xml:33:17-96
135                android:value="com.google.firebase.components.ComponentRegistrar" />
135-->[com.google.firebase:firebase-iid:21.1.0] AndroidManifest.xml:34:17-82
136            <meta-data
136-->[com.google.android.gms:play-services-measurement-api:18.0.3] AndroidManifest.xml:30:13-32:85
137                android:name="com.google.firebase.components:com.google.firebase.analytics.connector.internal.AnalyticsConnectorRegistrar"
137-->[com.google.android.gms:play-services-measurement-api:18.0.3] AndroidManifest.xml:31:17-139
138                android:value="com.google.firebase.components.ComponentRegistrar" />
138-->[com.google.android.gms:play-services-measurement-api:18.0.3] AndroidManifest.xml:32:17-82
139            <meta-data
139-->[com.google.firebase:firebase-installations:16.3.5] AndroidManifest.xml:18:13-20:85
140                android:name="com.google.firebase.components:com.google.firebase.installations.FirebaseInstallationsRegistrar"
140-->[com.google.firebase:firebase-installations:16.3.5] AndroidManifest.xml:19:17-127
141                android:value="com.google.firebase.components.ComponentRegistrar" />
141-->[com.google.firebase:firebase-installations:16.3.5] AndroidManifest.xml:20:17-82
142            <!--
143                This registrar is not defined in the dynamic-module-support sdk itself to allow non-firebase
144                clients to use it as well, by defining this registrar in their own core/common library.
145            -->
146            <meta-data
146-->[com.google.firebase:firebase-common:19.5.0] AndroidManifest.xml:43:13-45:85
147                android:name="com.google.firebase.components:com.google.firebase.dynamicloading.DynamicLoadingRegistrar"
147-->[com.google.firebase:firebase-common:19.5.0] AndroidManifest.xml:44:17-121
148                android:value="com.google.firebase.components.ComponentRegistrar" />
148-->[com.google.firebase:firebase-common:19.5.0] AndroidManifest.xml:45:17-82
149        </service>
150
151        <provider
151-->[:share] AndroidManifest.xml:8:9-16:20
152            android:name="io.flutter.plugins.share.ShareFileProvider"
152-->[:share] AndroidManifest.xml:9:13-70
153            android:authorities="com.example.zippo_ventas.flutter.share_provider"
153-->[:share] AndroidManifest.xml:10:13-74
154            android:exported="false"
154-->[:share] AndroidManifest.xml:11:13-37
155            android:grantUriPermissions="true" >
155-->[:share] AndroidManifest.xml:12:13-47
156            <meta-data
156-->[:image_picker] AndroidManifest.xml:16:13-18:75
157                android:name="android.support.FILE_PROVIDER_PATHS"
157-->[:image_picker] AndroidManifest.xml:17:17-67
158                android:resource="@xml/flutter_share_file_paths" />
158-->[:image_picker] AndroidManifest.xml:18:17-72
159        </provider>
160
161        <activity
161-->[:url_launcher] AndroidManifest.xml:8:9-11:74
162            android:name="io.flutter.plugins.urllauncher.WebViewActivity"
162-->[:url_launcher] AndroidManifest.xml:9:13-74
163            android:exported="false"
163-->[:url_launcher] AndroidManifest.xml:10:13-37
164            android:theme="@android:style/Theme.NoTitleBar.Fullscreen" />
164-->[:url_launcher] AndroidManifest.xml:11:13-71
165
166        <receiver
166-->[com.google.firebase:firebase-messaging:21.1.0] AndroidManifest.xml:28:9-35:20
167            android:name="com.google.firebase.iid.FirebaseInstanceIdReceiver"
167-->[com.google.firebase:firebase-messaging:21.1.0] AndroidManifest.xml:29:13-78
168            android:exported="true"
168-->[com.google.firebase:firebase-messaging:21.1.0] AndroidManifest.xml:30:13-36
169            android:permission="com.google.android.c2dm.permission.SEND" >
169-->[com.google.firebase:firebase-messaging:21.1.0] AndroidManifest.xml:31:13-73
170            <intent-filter>
170-->[com.google.firebase:firebase-messaging:21.1.0] AndroidManifest.xml:32:13-34:29
171                <action android:name="com.google.android.c2dm.intent.RECEIVE" />
171-->[com.google.firebase:firebase-messaging:21.1.0] AndroidManifest.xml:33:17-81
171-->[com.google.firebase:firebase-messaging:21.1.0] AndroidManifest.xml:33:25-78
172            </intent-filter>
173        </receiver>
174        <!--
175             FirebaseMessagingService performs security checks at runtime,
176             but set to not exported to explicitly avoid allowing another app to call it.
177        -->
178        <service
178-->[com.google.firebase:firebase-messaging:21.1.0] AndroidManifest.xml:41:9-48:19
179            android:name="com.google.firebase.messaging.FirebaseMessagingService"
179-->[com.google.firebase:firebase-messaging:21.1.0] AndroidManifest.xml:42:13-82
180            android:directBootAware="true"
180-->[com.google.firebase:firebase-messaging:21.1.0] AndroidManifest.xml:43:13-43
181            android:exported="false" >
181-->[com.google.firebase:firebase-messaging:21.1.0] AndroidManifest.xml:44:13-37
182            <intent-filter android:priority="-500" >
182-->[:firebase_messaging] AndroidManifest.xml:9:13-11:29
183                <action android:name="com.google.firebase.MESSAGING_EVENT" />
183-->[:firebase_messaging] AndroidManifest.xml:10:17-78
183-->[:firebase_messaging] AndroidManifest.xml:10:25-75
184            </intent-filter>
185        </service>
186        <service
186-->[com.google.android.datatransport:transport-backend-cct:2.3.3] AndroidManifest.xml:29:9-35:19
187            android:name="com.google.android.datatransport.runtime.backends.TransportBackendDiscovery"
187-->[com.google.android.datatransport:transport-backend-cct:2.3.3] AndroidManifest.xml:30:13-103
188            android:exported="false" >
188-->[com.google.android.datatransport:transport-backend-cct:2.3.3] AndroidManifest.xml:31:13-37
189            <meta-data
189-->[com.google.android.datatransport:transport-backend-cct:2.3.3] AndroidManifest.xml:32:13-34:39
190                android:name="backend:com.google.android.datatransport.cct.CctBackendFactory"
190-->[com.google.android.datatransport:transport-backend-cct:2.3.3] AndroidManifest.xml:33:17-94
191                android:value="cct" />
191-->[com.google.android.datatransport:transport-backend-cct:2.3.3] AndroidManifest.xml:34:17-36
192        </service>
193
194        <provider
194-->[com.google.firebase:firebase-common:19.5.0] AndroidManifest.xml:26:9-31:39
195            android:name="com.google.firebase.provider.FirebaseInitProvider"
195-->[com.google.firebase:firebase-common:19.5.0] AndroidManifest.xml:27:13-77
196            android:authorities="com.example.zippo_ventas.firebaseinitprovider"
196-->[com.google.firebase:firebase-common:19.5.0] AndroidManifest.xml:28:13-72
197            android:directBootAware="true"
197-->[com.google.firebase:firebase-common:19.5.0] AndroidManifest.xml:29:13-43
198            android:exported="false"
198-->[com.google.firebase:firebase-common:19.5.0] AndroidManifest.xml:30:13-37
199            android:initOrder="100" />
199-->[com.google.firebase:firebase-common:19.5.0] AndroidManifest.xml:31:13-36
200
201        <receiver
201-->[com.google.android.gms:play-services-measurement:18.0.3] AndroidManifest.xml:29:9-33:20
202            android:name="com.google.android.gms.measurement.AppMeasurementReceiver"
202-->[com.google.android.gms:play-services-measurement:18.0.3] AndroidManifest.xml:30:13-85
203            android:enabled="true"
203-->[com.google.android.gms:play-services-measurement:18.0.3] AndroidManifest.xml:31:13-35
204            android:exported="false" >
204-->[com.google.android.gms:play-services-measurement:18.0.3] AndroidManifest.xml:32:13-37
205        </receiver>
206
207        <service
207-->[com.google.android.gms:play-services-measurement:18.0.3] AndroidManifest.xml:35:9-38:40
208            android:name="com.google.android.gms.measurement.AppMeasurementService"
208-->[com.google.android.gms:play-services-measurement:18.0.3] AndroidManifest.xml:36:13-84
209            android:enabled="true"
209-->[com.google.android.gms:play-services-measurement:18.0.3] AndroidManifest.xml:37:13-35
210            android:exported="false" />
210-->[com.google.android.gms:play-services-measurement:18.0.3] AndroidManifest.xml:38:13-37
211        <service
211-->[com.google.android.gms:play-services-measurement:18.0.3] AndroidManifest.xml:39:9-43:72
212            android:name="com.google.android.gms.measurement.AppMeasurementJobService"
212-->[com.google.android.gms:play-services-measurement:18.0.3] AndroidManifest.xml:40:13-87
213            android:enabled="true"
213-->[com.google.android.gms:play-services-measurement:18.0.3] AndroidManifest.xml:41:13-35
214            android:exported="false"
214-->[com.google.android.gms:play-services-measurement:18.0.3] AndroidManifest.xml:42:13-37
215            android:permission="android.permission.BIND_JOB_SERVICE" />
215-->[com.google.android.gms:play-services-measurement:18.0.3] AndroidManifest.xml:43:13-69
216
217        <meta-data
217-->[com.google.android.gms:play-services-basement:17.0.0] AndroidManifest.xml:23:9-25:69
218            android:name="com.google.android.gms.version"
218-->[com.google.android.gms:play-services-basement:17.0.0] AndroidManifest.xml:24:13-58
219            android:value="@integer/google_play_services_version" />
219-->[com.google.android.gms:play-services-basement:17.0.0] AndroidManifest.xml:25:13-66
220
221        <service
221-->[com.google.android.datatransport:transport-runtime:2.2.5] AndroidManifest.xml:26:9-30:19
222            android:name="com.google.android.datatransport.runtime.scheduling.jobscheduling.JobInfoSchedulerService"
222-->[com.google.android.datatransport:transport-runtime:2.2.5] AndroidManifest.xml:27:13-117
223            android:exported="false"
223-->[com.google.android.datatransport:transport-runtime:2.2.5] AndroidManifest.xml:28:13-37
224            android:permission="android.permission.BIND_JOB_SERVICE" >
224-->[com.google.android.datatransport:transport-runtime:2.2.5] AndroidManifest.xml:29:13-69
225        </service>
226
227        <receiver
227-->[com.google.android.datatransport:transport-runtime:2.2.5] AndroidManifest.xml:32:9-34:40
228            android:name="com.google.android.datatransport.runtime.scheduling.jobscheduling.AlarmManagerSchedulerBroadcastReceiver"
228-->[com.google.android.datatransport:transport-runtime:2.2.5] AndroidManifest.xml:33:13-132
229            android:exported="false" />
229-->[com.google.android.datatransport:transport-runtime:2.2.5] AndroidManifest.xml:34:13-37
230    </application>
231
232</manifest>